c:\users\3hoze\desktop\loom\loom networking\x64\debug\standard handles.obj
c:\users\3hoze\desktop\loom\loom networking\x64\debug\networking.obj
c:\users\3hoze\desktop\loom\loom networking\x64\debug\networking.ixx.ifc.d.json
c:\users\3hoze\desktop\loom\loom networking\x64\debug\networking.ixx.obj
c:\users\3hoze\desktop\loom\loom networking\x64\debug\standard handles.ixx.ifc.d.json
c:\users\3hoze\desktop\loom\loom networking\x64\debug\standard handles.ixx.obj
c:\users\3hoze\desktop\loom\loom networking\x64\debug\boostasio.ixx.ifc
c:\users\3hoze\desktop\loom\loom networking\x64\debug\boostasio.ixx.ifc.d.json
c:\users\3hoze\desktop\loom\loom networking\x64\debug\boostasio.ixx.obj
c:\users\3hoze\desktop\loom\loom networking\x64\debug\server.ixx.ifc.d.json
c:\users\3hoze\desktop\loom\loom networking\x64\debug\server.ixx.obj
c:\users\3hoze\desktop\loom\x64\debug\loom networking.pdb
c:\users\3hoze\desktop\loom\x64\debug\loom networking.idb
c:\users\3hoze\desktop\loom\loom networking\x64\debug\server.obj
c:\users\3hoze\desktop\loom\x64\debug\loom networking.lib
c:\users\3hoze\desktop\loom\loom networking\x64\debug\networking.ixx.module.json
c:\users\3hoze\desktop\loom\loom networking\x64\debug\standard handles.ixx.module.json
c:\users\3hoze\desktop\loom\loom networking\x64\debug\boostasio.ixx.module.json
c:\users\3hoze\desktop\loom\loom networking\x64\debug\ctime_pyz660pfg1zycjsd.module.json
c:\users\3hoze\desktop\loom\loom networking\x64\debug\server.ixx.module.json
c:\users\3hoze\desktop\loom\loom networking\x64\debug\ctime_pyz660pfg1zycjsd.obj
c:\users\3hoze\desktop\loom\loom networking\x64\debug\loom networking.tlog\cl.command.1.tlog
c:\users\3hoze\desktop\loom\loom networking\x64\debug\loom networking.tlog\cl.items.tlog
c:\users\3hoze\desktop\loom\loom networking\x64\debug\loom networking.tlog\cl.read.1.tlog
c:\users\3hoze\desktop\loom\loom networking\x64\debug\loom networking.tlog\cl.write.1.tlog
c:\users\3hoze\desktop\loom\loom networking\x64\debug\loom networking.tlog\lib-link.read.1.tlog
c:\users\3hoze\desktop\loom\loom networking\x64\debug\loom networking.tlog\lib-link.write.1.tlog
c:\users\3hoze\desktop\loom\loom networking\x64\debug\loom networking.tlog\lib.command.1.tlog
c:\users\3hoze\desktop\loom\loom networking\x64\debug\loom networking_md.tlog\cl.command.1.tlog
c:\users\3hoze\desktop\loom\loom networking\x64\debug\loom networking_md.tlog\microsoft.build.cpptasks.cl.read.1.tlog
c:\users\3hoze\desktop\loom\loom networking\x64\debug\loom networking_md.tlog\microsoft.build.cpptasks.cl.write.1.tlog
